{
  "stats": {
    "suites": 1,
    "tests": 3,
    "passes": 3,
    "pending": 0,
    "failures": 0,
    "start": "2024-06-22T12:16:06.869Z",
    "end": "2024-06-22T12:16:09.471Z",
    "duration": 2602,
    "testsRegistered": 3,
    "passPercent": 100,
    "pendingPercent": 0,
    "other": 0,
    "hasOther": false,
    "skipped": 0,
    "hasSkipped": false
  },
  "results": [
    {
      "uuid": "c6e5d607-8b1a-477a-ad6c-7cde83c3d5e1",
      "title": "",
      "fullFile": "/Users/mik/Downloads/digital skola QA Engineer/sesi7/ds-sesi7-batch4/test/api_test.js",
      "file": "/test/api_test.js",
      "beforeHooks": [],
      "afterHooks": [],
      "tests": [],
      "suites": [
        {
          "uuid": "c14c7e14-fbdd-44c9-b36f-4a88ca102926",
          "title": "reqres.in API Test",
          "fullFile": "/Users/mik/Downloads/digital skola QA Engineer/sesi7/ds-sesi7-batch4/test/api_test.js",
          "file": "/test/api_test.js",
          "beforeHooks": [],
          "afterHooks": [],
          "tests": [
            {
              "title": "TC1 - GET",
              "fullTitle": "reqres.in API Test TC1 - GET",
              "timedOut": false,
              "duration": 921,
              "state": "passed",
              "speed": "slow",
              "pass": true,
              "fail": false,
              "pending": false,
              "context": null,
              "code": "const schema = readJsonSchema('get_single_user.json');\nconst response = await supertest(baseURL).get(\"/users/2\");\n// console.log(response.body)\n// expect(response.status).to.equal(200);\n// expect(response.body.data.id).to.equal(2);\n// expect(response.body.data.email).to.equal(\"janet.weaver@reqres.in\");\n// expect(response.body.data.first_name).to.equal(\"Janet\");\n// expect(response.body.data.last_name).to.equal(\"Weaver\");\n// expect(response.body.support.url).to.equal(\"https://reqres.in/#support-heading\");\n// expect(response.body.support.text).to.equal(\"To keep ReqRes free, contributions towards server costs are appreciated!\");\nexpect(response.body).to.be.jsonSchema(schema);",
              "err": {},
              "uuid": "de343d14-978e-4102-846e-a8cb345310a5",
              "parentUUID": "c14c7e14-fbdd-44c9-b36f-4a88ca102926",
              "isHook": false,
              "skipped": false
            },
            {
              "title": "TC2 - POST",
              "fullTitle": "reqres.in API Test TC2 - POST",
              "timedOut": false,
              "duration": 837,
              "state": "passed",
              "speed": "slow",
              "pass": true,
              "fail": false,
              "pending": false,
              "context": null,
              "code": "const body = {\n  name: \"morpheus\",\n  job: \"leader\",\n}\nconst response = await supertest(baseURL).post(\"/users\").send(body);\n// console.log(response.body);\ncreatedId = response.body.id;",
              "err": {},
              "uuid": "fd70a4f6-95a7-4201-927b-97fc8321df34",
              "parentUUID": "c14c7e14-fbdd-44c9-b36f-4a88ca102926",
              "isHook": false,
              "skipped": false
            },
            {
              "title": "TC3 - DELETE",
              "fullTitle": "reqres.in API Test TC3 - DELETE",
              "timedOut": false,
              "duration": 836,
              "state": "passed",
              "speed": "slow",
              "pass": true,
              "fail": false,
              "pending": false,
              "context": null,
              "code": "console.log(createdId)\nconst response = await supertest(baseURL).delete(`/users/${createdId}`);\nconsole.log(response.body);",
              "err": {},
              "uuid": "228ff147-826b-4631-b84e-f026a5fd01ad",
              "parentUUID": "c14c7e14-fbdd-44c9-b36f-4a88ca102926",
              "isHook": false,
              "skipped": false
            }
          ],
          "suites": [],
          "passes": [
            "de343d14-978e-4102-846e-a8cb345310a5",
            "fd70a4f6-95a7-4201-927b-97fc8321df34",
            "228ff147-826b-4631-b84e-f026a5fd01ad"
          ],
          "failures": [],
          "pending": [],
          "skipped": [],
          "duration": 2594,
          "root": false,
          "rootEmpty": false,
          "_timeout": 2000
        }
      ],
      "passes": [],
      "failures": [],
      "pending": [],
      "skipped": [],
      "duration": 0,
      "root": true,
      "rootEmpty": true,
      "_timeout": 2000
    }
  ],
  "meta": {
    "mocha": {
      "version": "10.4.0"
    },
    "mochawesome": {
      "options": {
        "quiet": false,
        "reportFilename": "mochawesome",
        "saveHtml": true,
        "saveJson": true,
        "consoleReporter": "spec",
        "useInlineDiffs": false,
        "code": true
      },
      "version": "7.1.3"
    },
    "marge": {
      "options": null,
      "version": "6.2.0"
    }
  }
}